c:\users\el-ba\desktop\indexing\similaritysearch\startlfd\debug\startlfd.pch
c:\users\el-ba\desktop\indexing\similaritysearch\startlfd\debug\vc140.pdb
c:\users\el-ba\desktop\indexing\similaritysearch\startlfd\debug\stdafx.obj
c:\users\el-ba\desktop\indexing\similaritysearch\startlfd\debug\startlfd.obj
c:\users\el-ba\desktop\indexing\similaritysearch\startlfd\debug\datenbank.obj
c:\users\el-ba\desktop\indexing\similaritysearch\startlfd\debug\assemblyinfo.obj
c:\users\el-ba\desktop\indexing\similaritysearch\startlfd\debug\.netframework,version=v4.6.1.assemblyattributes.obj
c:\users\el-ba\desktop\indexing\similaritysearch\startlfd\debug\.netframework,version=v4.6.1.assemblyattributes.asm
c:\users\el-ba\desktop\indexing\similaritysearch\startlfd\bin\debug\startlfd.exe
c:\users\el-ba\desktop\indexing\similaritysearch\startlfd\bin\debug\startlfd.pdb
c:\users\el-ba\desktop\indexing\similaritysearch\startlfd\debug\app.res
c:\users\el-ba\desktop\indexing\similaritysearch\startlfd\bin\debug\pdf3dreader.dll
c:\users\el-ba\desktop\indexing\similaritysearch\startlfd\bin\debug\pdf3dreader.pdb
c:\users\el-ba\desktop\indexing\similaritysearch\startlfd\debug\startlfd.vcxprojresolveassemblyreference.cache
c:\users\el-ba\desktop\indexing\similaritysearch\startlfd\debug\startlfd.tlog\cl.command.1.tlog
c:\users\el-ba\desktop\indexing\similaritysearch\startlfd\debug\startlfd.tlog\cl.read.1.tlog
c:\users\el-ba\desktop\indexing\similaritysearch\startlfd\debug\startlfd.tlog\cl.write.1.tlog
c:\users\el-ba\desktop\indexing\similaritysearch\startlfd\debug\startlfd.tlog\link.command.1.tlog
c:\users\el-ba\desktop\indexing\similaritysearch\startlfd\debug\startlfd.tlog\link.read.1.tlog
c:\users\el-ba\desktop\indexing\similaritysearch\startlfd\debug\startlfd.tlog\link.write.1.tlog
c:\users\el-ba\desktop\indexing\similaritysearch\startlfd\debug\startlfd.tlog\metagen.read.1.tlog
c:\users\el-ba\desktop\indexing\similaritysearch\startlfd\debug\startlfd.tlog\metagen.write.1.tlog
c:\users\el-ba\desktop\indexing\similaritysearch\startlfd\debug\startlfd.tlog\rc.command.1.tlog
c:\users\el-ba\desktop\indexing\similaritysearch\startlfd\debug\startlfd.tlog\rc.read.1.tlog
c:\users\el-ba\desktop\indexing\similaritysearch\startlfd\debug\startlfd.tlog\rc.write.1.tlog
c:\users\el-ba\desktop\indexing\similaritysearch\startlfd\debug\startlfd.tlog\startlfd.write.1u.tlog
c:\users\el-ba\desktop\indexing\similaritysearch\startlfd\debug\startlfd.tlog\tzres.dll.bi
