c:\users\el-ba\desktop\indexing\similaritysearch\3dalignment\debug\vc140.pdb
c:\users\el-ba\desktop\indexing\similaritysearch\3dalignment\debug\vc140.idb
c:\users\el-ba\desktop\indexing\similaritysearch\3dalignment\debug\rexec2.obj
c:\users\el-ba\desktop\indexing\similaritysearch\3dalignment\debug\rfftwf77.obj
c:\users\el-ba\desktop\indexing\similaritysearch\3dalignment\debug\rfftwnd.obj
c:\users\el-ba\desktop\indexing\similaritysearch\3dalignment\debug\rgeneric.obj
c:\users\el-ba\desktop\indexing\similaritysearch\3dalignment\debug\rplanner.obj
c:\users\el-ba\desktop\indexing\similaritysearch\3dalignment\debug\timer.obj
c:\users\el-ba\desktop\indexing\similaritysearch\3dalignment\debug\twiddle.obj
c:\users\el-ba\desktop\indexing\similaritysearch\3dalignment\debug\wisdom.obj
c:\users\el-ba\desktop\indexing\similaritysearch\3dalignment\debug\wisdomio.obj
c:\users\el-ba\desktop\indexing\similaritysearch\3dalignment\debug\fourierdescriptor.obj
c:\users\el-ba\desktop\indexing\similaritysearch\3dalignment\debug\main.obj
c:\users\el-ba\desktop\indexing\similaritysearch\3dalignment\debug\morphology.obj
c:\users\el-ba\desktop\indexing\similaritysearch\3dalignment\debug\recovaffine.obj
c:\users\el-ba\desktop\indexing\similaritysearch\3dalignment\debug\refine.obj
c:\users\el-ba\desktop\indexing\similaritysearch\3dalignment\debug\regionshape.obj
c:\users\el-ba\desktop\indexing\similaritysearch\3dalignment\debug\rotate.obj
c:\users\el-ba\desktop\indexing\similaritysearch\3dalignment\debug\rwobj.obj
c:\users\el-ba\desktop\indexing\similaritysearch\3dalignment\debug\thin.obj
c:\users\el-ba\desktop\indexing\similaritysearch\3dalignment\debug\tracecontour.obj
c:\users\el-ba\desktop\indexing\similaritysearch\3dalignment\debug\translatescale.obj
c:\users\el-ba\desktop\indexing\similaritysearch\3dalignment\debug\ftwi_9.obj
c:\users\el-ba\desktop\indexing\similaritysearch\3dalignment\debug\ftw_10.obj
c:\users\el-ba\desktop\indexing\similaritysearch\3dalignment\debug\ftw_16.obj
c:\users\el-ba\desktop\indexing\similaritysearch\3dalignment\debug\ftw_2.obj
c:\users\el-ba\desktop\indexing\similaritysearch\3dalignment\debug\ftw_3.obj
c:\users\el-ba\desktop\indexing\similaritysearch\3dalignment\debug\ftw_32.obj
c:\users\el-ba\desktop\indexing\similaritysearch\3dalignment\debug\ftw_4.obj
c:\users\el-ba\desktop\indexing\similaritysearch\3dalignment\debug\ftw_5.obj
c:\users\el-ba\desktop\indexing\similaritysearch\3dalignment\debug\ftw_6.obj
c:\users\el-ba\desktop\indexing\similaritysearch\3dalignment\debug\ftw_64.obj
c:\users\el-ba\desktop\indexing\similaritysearch\3dalignment\debug\ftw_7.obj
c:\users\el-ba\desktop\indexing\similaritysearch\3dalignment\debug\ftw_8.obj
c:\users\el-ba\desktop\indexing\similaritysearch\3dalignment\debug\ftw_9.obj
c:\users\el-ba\desktop\indexing\similaritysearch\3dalignment\debug\generic.obj
c:\users\el-ba\desktop\indexing\similaritysearch\3dalignment\debug\malloc.obj
c:\users\el-ba\desktop\indexing\similaritysearch\3dalignment\debug\planner.obj
c:\users\el-ba\desktop\indexing\similaritysearch\3dalignment\debug\putils.obj
c:\users\el-ba\desktop\indexing\similaritysearch\3dalignment\debug\rader.obj
c:\users\el-ba\desktop\indexing\similaritysearch\3dalignment\debug\rconfig.obj
c:\users\el-ba\desktop\indexing\similaritysearch\3dalignment\debug\rexec.obj
c:\users\el-ba\desktop\indexing\similaritysearch\3dalignment\debug\frc_3.obj
c:\users\el-ba\desktop\indexing\similaritysearch\3dalignment\debug\frc_32.obj
c:\users\el-ba\desktop\indexing\similaritysearch\3dalignment\debug\frc_4.obj
c:\users\el-ba\desktop\indexing\similaritysearch\3dalignment\debug\frc_5.obj
c:\users\el-ba\desktop\indexing\similaritysearch\3dalignment\debug\frc_6.obj
c:\users\el-ba\desktop\indexing\similaritysearch\3dalignment\debug\frc_64.obj
c:\users\el-ba\desktop\indexing\similaritysearch\3dalignment\debug\frc_7.obj
c:\users\el-ba\desktop\indexing\similaritysearch\3dalignment\debug\frc_8.obj
c:\users\el-ba\desktop\indexing\similaritysearch\3dalignment\debug\frc_9.obj
c:\users\el-ba\desktop\indexing\similaritysearch\3dalignment\debug\ftwi_10.obj
c:\users\el-ba\desktop\indexing\similaritysearch\3dalignment\debug\ftwi_16.obj
c:\users\el-ba\desktop\indexing\similaritysearch\3dalignment\debug\ftwi_2.obj
c:\users\el-ba\desktop\indexing\similaritysearch\3dalignment\debug\ftwi_3.obj
c:\users\el-ba\desktop\indexing\similaritysearch\3dalignment\debug\ftwi_32.obj
c:\users\el-ba\desktop\indexing\similaritysearch\3dalignment\debug\ftwi_4.obj
c:\users\el-ba\desktop\indexing\similaritysearch\3dalignment\debug\ftwi_5.obj
c:\users\el-ba\desktop\indexing\similaritysearch\3dalignment\debug\ftwi_6.obj
c:\users\el-ba\desktop\indexing\similaritysearch\3dalignment\debug\ftwi_64.obj
c:\users\el-ba\desktop\indexing\similaritysearch\3dalignment\debug\ftwi_7.obj
c:\users\el-ba\desktop\indexing\similaritysearch\3dalignment\debug\ftwi_8.obj
c:\users\el-ba\desktop\indexing\similaritysearch\3dalignment\debug\fn_2.obj
c:\users\el-ba\desktop\indexing\similaritysearch\3dalignment\debug\fn_3.obj
c:\users\el-ba\desktop\indexing\similaritysearch\3dalignment\debug\fn_32.obj
c:\users\el-ba\desktop\indexing\similaritysearch\3dalignment\debug\fn_4.obj
c:\users\el-ba\desktop\indexing\similaritysearch\3dalignment\debug\fn_5.obj
c:\users\el-ba\desktop\indexing\similaritysearch\3dalignment\debug\fn_6.obj
c:\users\el-ba\desktop\indexing\similaritysearch\3dalignment\debug\fn_64.obj
c:\users\el-ba\desktop\indexing\similaritysearch\3dalignment\debug\fn_7.obj
c:\users\el-ba\desktop\indexing\similaritysearch\3dalignment\debug\fn_8.obj
c:\users\el-ba\desktop\indexing\similaritysearch\3dalignment\debug\fn_9.obj
c:\users\el-ba\desktop\indexing\similaritysearch\3dalignment\debug\frc_1.obj
c:\users\el-ba\desktop\indexing\similaritysearch\3dalignment\debug\frc_10.obj
c:\users\el-ba\desktop\indexing\similaritysearch\3dalignment\debug\frc_11.obj
c:\users\el-ba\desktop\indexing\similaritysearch\3dalignment\debug\frc_12.obj
c:\users\el-ba\desktop\indexing\similaritysearch\3dalignment\debug\frc_128.obj
c:\users\el-ba\desktop\indexing\similaritysearch\3dalignment\debug\frc_13.obj
c:\users\el-ba\desktop\indexing\similaritysearch\3dalignment\debug\frc_14.obj
c:\users\el-ba\desktop\indexing\similaritysearch\3dalignment\debug\frc_15.obj
c:\users\el-ba\desktop\indexing\similaritysearch\3dalignment\debug\frc_16.obj
c:\users\el-ba\desktop\indexing\similaritysearch\3dalignment\debug\frc_2.obj
c:\users\el-ba\desktop\indexing\similaritysearch\3dalignment\debug\fni_15.obj
c:\users\el-ba\desktop\indexing\similaritysearch\3dalignment\debug\fni_16.obj
c:\users\el-ba\desktop\indexing\similaritysearch\3dalignment\debug\fni_2.obj
c:\users\el-ba\desktop\indexing\similaritysearch\3dalignment\debug\fni_3.obj
c:\users\el-ba\desktop\indexing\similaritysearch\3dalignment\debug\fni_32.obj
c:\users\el-ba\desktop\indexing\similaritysearch\3dalignment\debug\fni_4.obj
c:\users\el-ba\desktop\indexing\similaritysearch\3dalignment\debug\fni_5.obj
c:\users\el-ba\desktop\indexing\similaritysearch\3dalignment\debug\fni_6.obj
c:\users\el-ba\desktop\indexing\similaritysearch\3dalignment\debug\fni_64.obj
c:\users\el-ba\desktop\indexing\similaritysearch\3dalignment\debug\fni_7.obj
c:\users\el-ba\desktop\indexing\similaritysearch\3dalignment\debug\fni_8.obj
c:\users\el-ba\desktop\indexing\similaritysearch\3dalignment\debug\fni_9.obj
c:\users\el-ba\desktop\indexing\similaritysearch\3dalignment\debug\fn_1.obj
c:\users\el-ba\desktop\indexing\similaritysearch\3dalignment\debug\fn_10.obj
c:\users\el-ba\desktop\indexing\similaritysearch\3dalignment\debug\fn_11.obj
c:\users\el-ba\desktop\indexing\similaritysearch\3dalignment\debug\fn_12.obj
c:\users\el-ba\desktop\indexing\similaritysearch\3dalignment\debug\fn_13.obj
c:\users\el-ba\desktop\indexing\similaritysearch\3dalignment\debug\fn_14.obj
c:\users\el-ba\desktop\indexing\similaritysearch\3dalignment\debug\fn_15.obj
c:\users\el-ba\desktop\indexing\similaritysearch\3dalignment\debug\fn_16.obj
c:\users\el-ba\desktop\indexing\similaritysearch\3dalignment\debug\fhb_7.obj
c:\users\el-ba\desktop\indexing\similaritysearch\3dalignment\debug\fhb_8.obj
c:\users\el-ba\desktop\indexing\similaritysearch\3dalignment\debug\fhb_9.obj
c:\users\el-ba\desktop\indexing\similaritysearch\3dalignment\debug\fhf_10.obj
c:\users\el-ba\desktop\indexing\similaritysearch\3dalignment\debug\fhf_16.obj
c:\users\el-ba\desktop\indexing\similaritysearch\3dalignment\debug\fhf_2.obj
c:\users\el-ba\desktop\indexing\similaritysearch\3dalignment\debug\fhf_3.obj
c:\users\el-ba\desktop\indexing\similaritysearch\3dalignment\debug\fhf_32.obj
c:\users\el-ba\desktop\indexing\similaritysearch\3dalignment\debug\fhf_4.obj
c:\users\el-ba\desktop\indexing\similaritysearch\3dalignment\debug\fhf_5.obj
c:\users\el-ba\desktop\indexing\similaritysearch\3dalignment\debug\fhf_6.obj
c:\users\el-ba\desktop\indexing\similaritysearch\3dalignment\debug\fhf_7.obj
c:\users\el-ba\desktop\indexing\similaritysearch\3dalignment\debug\fhf_8.obj
c:\users\el-ba\desktop\indexing\similaritysearch\3dalignment\debug\fhf_9.obj
c:\users\el-ba\desktop\indexing\similaritysearch\3dalignment\debug\fni_1.obj
c:\users\el-ba\desktop\indexing\similaritysearch\3dalignment\debug\fni_10.obj
c:\users\el-ba\desktop\indexing\similaritysearch\3dalignment\debug\fni_11.obj
c:\users\el-ba\desktop\indexing\similaritysearch\3dalignment\debug\fni_12.obj
c:\users\el-ba\desktop\indexing\similaritysearch\3dalignment\debug\fni_13.obj
c:\users\el-ba\desktop\indexing\similaritysearch\3dalignment\debug\fni_14.obj
c:\users\el-ba\desktop\indexing\similaritysearch\3dalignment\debug\fcr_2.obj
c:\users\el-ba\desktop\indexing\similaritysearch\3dalignment\debug\fcr_3.obj
c:\users\el-ba\desktop\indexing\similaritysearch\3dalignment\debug\fcr_32.obj
c:\users\el-ba\desktop\indexing\similaritysearch\3dalignment\debug\fcr_4.obj
c:\users\el-ba\desktop\indexing\similaritysearch\3dalignment\debug\fcr_5.obj
c:\users\el-ba\desktop\indexing\similaritysearch\3dalignment\debug\fcr_6.obj
c:\users\el-ba\desktop\indexing\similaritysearch\3dalignment\debug\fcr_64.obj
c:\users\el-ba\desktop\indexing\similaritysearch\3dalignment\debug\fcr_7.obj
c:\users\el-ba\desktop\indexing\similaritysearch\3dalignment\debug\fcr_8.obj
c:\users\el-ba\desktop\indexing\similaritysearch\3dalignment\debug\fcr_9.obj
c:\users\el-ba\desktop\indexing\similaritysearch\3dalignment\debug\fftwf77.obj
c:\users\el-ba\desktop\indexing\similaritysearch\3dalignment\debug\fftwnd.obj
c:\users\el-ba\desktop\indexing\similaritysearch\3dalignment\debug\fhb_10.obj
c:\users\el-ba\desktop\indexing\similaritysearch\3dalignment\debug\fhb_16.obj
c:\users\el-ba\desktop\indexing\similaritysearch\3dalignment\debug\fhb_2.obj
c:\users\el-ba\desktop\indexing\similaritysearch\3dalignment\debug\fhb_3.obj
c:\users\el-ba\desktop\indexing\similaritysearch\3dalignment\debug\fhb_32.obj
c:\users\el-ba\desktop\indexing\similaritysearch\3dalignment\debug\fhb_4.obj
c:\users\el-ba\desktop\indexing\similaritysearch\3dalignment\debug\fhb_5.obj
c:\users\el-ba\desktop\indexing\similaritysearch\3dalignment\debug\fhb_6.obj
c:\users\el-ba\desktop\indexing\similaritysearch\3dalignment\debug\bitmap.obj
c:\users\el-ba\desktop\indexing\similaritysearch\3dalignment\debug\circularity.obj
c:\users\el-ba\desktop\indexing\similaritysearch\3dalignment\debug\colordescriptor.obj
c:\users\el-ba\desktop\indexing\similaritysearch\3dalignment\debug\convert.obj
c:\users\el-ba\desktop\indexing\similaritysearch\3dalignment\debug\eccentricity.obj
c:\users\el-ba\desktop\indexing\similaritysearch\3dalignment\debug\edge.obj
c:\users\el-ba\desktop\indexing\similaritysearch\3dalignment\debug\config.obj
c:\users\el-ba\desktop\indexing\similaritysearch\3dalignment\debug\executor.obj
c:\users\el-ba\desktop\indexing\similaritysearch\3dalignment\debug\fcr_1.obj
c:\users\el-ba\desktop\indexing\similaritysearch\3dalignment\debug\fcr_10.obj
c:\users\el-ba\desktop\indexing\similaritysearch\3dalignment\debug\fcr_11.obj
c:\users\el-ba\desktop\indexing\similaritysearch\3dalignment\debug\fcr_12.obj
c:\users\el-ba\desktop\indexing\similaritysearch\3dalignment\debug\fcr_128.obj
c:\users\el-ba\desktop\indexing\similaritysearch\3dalignment\debug\fcr_13.obj
c:\users\el-ba\desktop\indexing\similaritysearch\3dalignment\debug\fcr_14.obj
c:\users\el-ba\desktop\indexing\similaritysearch\3dalignment\debug\fcr_15.obj
c:\users\el-ba\desktop\indexing\similaritysearch\3dalignment\debug\fcr_16.obj
c:\users\el-ba\desktop\indexing\similaritysearch\3dalignment\debug\3dalignment.tlog\cl.command.1.tlog
c:\users\el-ba\desktop\indexing\similaritysearch\3dalignment\debug\3dalignment.tlog\cl.read.1.tlog
c:\users\el-ba\desktop\indexing\similaritysearch\3dalignment\debug\3dalignment.tlog\cl.write.1.tlog
c:\users\el-ba\desktop\indexing\similaritysearch\3dalignment\debug\3dalignment.tlog\link-cvtres.read.1.tlog
c:\users\el-ba\desktop\indexing\similaritysearch\3dalignment\debug\3dalignment.tlog\link-cvtres.write.1.tlog
c:\users\el-ba\desktop\indexing\similaritysearch\3dalignment\debug\3dalignment.tlog\link-rc.read.1.tlog
c:\users\el-ba\desktop\indexing\similaritysearch\3dalignment\debug\3dalignment.tlog\link-rc.write.1.tlog
c:\users\el-ba\desktop\indexing\similaritysearch\3dalignment\debug\3dalignment.tlog\link.command.1.tlog
c:\users\el-ba\desktop\indexing\similaritysearch\3dalignment\debug\3dalignment.tlog\link.read.1.tlog
c:\users\el-ba\desktop\indexing\similaritysearch\3dalignment\debug\3dalignment.tlog\link.write.1.tlog
