c:\users\el-ba\desktop\indexing\similaritysearch\pdf3dreader\debug\pdf3dreader.pch
c:\users\el-ba\desktop\indexing\similaritysearch\pdf3dreader\debug\vc140.pdb
c:\users\el-ba\desktop\indexing\similaritysearch\pdf3dreader\debug\stdafx.obj
c:\users\el-ba\desktop\indexing\similaritysearch\pdf3dreader\debug\pdf3dreaderservice.obj
c:\users\el-ba\desktop\indexing\similaritysearch\pdf3dreader\debug\face.obj
c:\users\el-ba\desktop\indexing\similaritysearch\pdf3dreader\debug\assemblyinfo.obj
c:\users\el-ba\desktop\indexing\similaritysearch\pdf3dreader\debug\.netframework,version=v4.5.2.assemblyattributes.obj
c:\users\el-ba\desktop\indexing\similaritysearch\pdf3dreader\debug\.netframework,version=v4.5.2.assemblyattributes.asm
c:\users\el-ba\desktop\indexing\similaritysearch\pdf3dreader\bin\debug\pdf3dreader.dll
c:\users\el-ba\desktop\indexing\similaritysearch\pdf3dreader\bin\debug\pdf3dreader.pdb
c:\users\el-ba\desktop\indexing\similaritysearch\pdf3dreader\debug\app.res
c:\users\el-ba\desktop\indexing\similaritysearch\pdf3dreader\debug\pdf3dreader.vcxprojresolveassemblyreference.cache
c:\users\el-ba\desktop\indexing\similaritysearch\pdf3dreader\debug\pdf3dreader.tlog\cl.command.1.tlog
c:\users\el-ba\desktop\indexing\similaritysearch\pdf3dreader\debug\pdf3dreader.tlog\cl.read.1.tlog
c:\users\el-ba\desktop\indexing\similaritysearch\pdf3dreader\debug\pdf3dreader.tlog\cl.write.1.tlog
c:\users\el-ba\desktop\indexing\similaritysearch\pdf3dreader\debug\pdf3dreader.tlog\link.command.1.tlog
c:\users\el-ba\desktop\indexing\similaritysearch\pdf3dreader\debug\pdf3dreader.tlog\link.read.1.tlog
c:\users\el-ba\desktop\indexing\similaritysearch\pdf3dreader\debug\pdf3dreader.tlog\link.write.1.tlog
c:\users\el-ba\desktop\indexing\similaritysearch\pdf3dreader\debug\pdf3dreader.tlog\metagen.read.1.tlog
c:\users\el-ba\desktop\indexing\similaritysearch\pdf3dreader\debug\pdf3dreader.tlog\metagen.write.1.tlog
c:\users\el-ba\desktop\indexing\similaritysearch\pdf3dreader\debug\pdf3dreader.tlog\rc.command.1.tlog
c:\users\el-ba\desktop\indexing\similaritysearch\pdf3dreader\debug\pdf3dreader.tlog\rc.read.1.tlog
c:\users\el-ba\desktop\indexing\similaritysearch\pdf3dreader\debug\pdf3dreader.tlog\rc.write.1.tlog
c:\users\el-ba\desktop\indexing\similaritysearch\pdf3dreader\debug\pdf3dreader.tlog\tzres.dll.bi
